TN:
SF:.--template\src\App.tsx
FN:6,App
FN:21,(anonymous_1)
FN:21,(anonymous_2)
FNF:3
FNH:0
FNDA:0,App
FNDA:0,(anonymous_1)
FNDA:0,(anonymous_2)
DA:7,0
DA:9,0
DA:21,0
LF:3
LH:0
BRF:0
BRH:0
end_of_record
TN:
SF:.--template\src\main.tsx
FNF:0
FNH:0
DA:6,0
LF:1
LH:0
BRF:0
BRH:0
end_of_record
TN:
SF:src\App.tsx
FN:11,App
FNF:1
FNH:0
FNDA:0,App
DA:12,0
LF:1
LH:0
BRF:0
BRH:0
end_of_record
TN:
SF:src\main.tsx
FNF:0
FNH:0
DA:7,0
LF:1
LH:0
BRF:0
BRH:0
end_of_record
TN:
SF:src\api\api.ts
FN:3,(anonymous_0)
FN:6,(anonymous_1)
FN:9,(anonymous_2)
FN:14,(anonymous_3)
FN:17,(anonymous_4)
FN:22,(anonymous_5)
FN:25,(anonymous_6)
FNF:7
FNH:7
FNDA:1,(anonymous_0)
FNDA:1,(anonymous_1)
FNDA:1,(anonymous_2)
FNDA:1,(anonymous_3)
FNDA:1,(anonymous_4)
FNDA:1,(anonymous_5)
FNDA:1,(anonymous_6)
DA:3,6
DA:4,1
DA:6,6
DA:7,1
DA:9,6
DA:10,1
DA:11,1
DA:14,6
DA:15,1
DA:17,6
DA:18,1
DA:19,1
DA:22,6
DA:23,1
DA:25,6
DA:26,1
DA:27,1
LF:17
LH:17
BRF:0
BRH:0
end_of_record
TN:
SF:src\components\Header.jsx
FN:4,Header
FNF:1
FNH:1
FNDA:4,Header
DA:5,4
LF:1
LH:1
BRF:0
BRH:0
end_of_record
TN:
SF:src\components\Layout.jsx
FN:4,Layout
FNF:1
FNH:1
FNDA:2,Layout
DA:5,2
LF:1
LH:1
BRF:0
BRH:0
end_of_record
TN:
SF:src\contexts\VotingContext.tsx
FN:5,(anonymous_0)
FN:13,(anonymous_1)
FNF:2
FNH:2
FNDA:2,(anonymous_0)
FNDA:2,(anonymous_1)
DA:3,1
DA:5,1
DA:6,2
DA:13,2
LF:4
LH:4
BRF:0
BRH:0
end_of_record
TN:
SF:src\pages\CpfValidator.tsx
FN:5,CpfValidator
FN:9,(anonymous_1)
FN:27,(anonymous_2)
FNF:3
FNH:3
FNDA:12,CpfValidator
FNDA:3,(anonymous_1)
FNDA:4,(anonymous_2)
DA:6,12
DA:7,12
DA:9,12
DA:10,3
DA:11,3
DA:12,2
DA:13,2
DA:15,1
DA:19,12
DA:27,4
LF:10
LH:10
BRDA:15,0,0,1
BRDA:15,0,1,0
BRDA:36,1,0,12
BRDA:36,1,1,3
BRDA:37,2,0,0
BRDA:37,2,1,3
BRF:6
BRH:4
end_of_record
TN:
SF:src\pages\CreateVotingAgenda.tsx
FN:5,VotingAgendaManager
FN:15,(anonymous_1)
FN:42,(anonymous_2)
FN:68,(anonymous_3)
FN:74,(anonymous_4)
FN:102,(anonymous_5)
FNF:6
FNH:6
FNDA:36,VotingAgendaManager
FNDA:4,(anonymous_1)
FNDA:4,(anonymous_2)
FNDA:4,(anonymous_3)
FNDA:4,(anonymous_4)
FNDA:4,(anonymous_5)
DA:6,36
DA:7,36
DA:8,36
DA:9,36
DA:11,36
DA:12,36
DA:13,36
DA:15,36
DA:16,4
DA:20,4
DA:21,0
DA:22,0
DA:26,4
DA:27,4
DA:28,2
DA:30,2
DA:31,1
DA:33,1
DA:34,1
DA:35,1
DA:36,1
DA:38,3
DA:42,36
DA:43,4
DA:44,4
DA:46,4
DA:47,4
DA:48,1
DA:49,1
DA:52,3
DA:53,3
DA:54,2
DA:55,1
DA:57,2
DA:61,36
DA:68,4
DA:74,4
DA:102,4
LF:38
LH:36
BRDA:20,0,0,0
BRDA:20,0,1,4
BRDA:20,1,0,4
BRDA:20,1,1,4
BRDA:28,2,0,2
BRDA:28,2,1,1
BRDA:28,2,2,1
BRDA:28,2,3,1
BRDA:30,3,0,1
BRDA:30,3,1,1
BRDA:38,4,0,3
BRDA:38,4,1,2
BRDA:38,4,2,0
BRDA:47,5,0,1
BRDA:47,5,1,3
BRDA:54,6,0,1
BRDA:54,6,1,1
BRDA:57,7,0,2
BRDA:57,7,1,1
BRDA:57,7,2,0
BRDA:79,8,0,36
BRDA:79,8,1,15
BRDA:83,9,0,36
BRDA:83,9,1,1
BRDA:88,10,0,36
BRDA:88,10,1,4
BRDA:89,11,0,1
BRDA:89,11,1,3
BRDA:110,12,0,36
BRDA:110,12,1,3
BRDA:112,13,0,36
BRDA:112,13,1,1
BRF:32
BRH:29
end_of_record
TN:
SF:src\pages\Home.tsx
FN:3,Home
FNF:1
FNH:1
FNDA:3,Home
DA:4,3
LF:1
LH:1
BRF:0
BRH:0
end_of_record
TN:
SF:src\pages\OpenVotingSession.tsx
FN:15,OpenVotingSession
FN:26,(anonymous_1)
FN:40,(anonymous_2)
FN:67,(anonymous_3)
FN:74,(anonymous_4)
FN:91,(anonymous_5)
FNF:6
FNH:6
FNDA:21,OpenVotingSession
FNDA:2,(anonymous_1)
FNDA:3,(anonymous_2)
FNDA:2,(anonymous_3)
FNDA:2,(anonymous_4)
FNDA:3,(anonymous_5)
DA:17,21
DA:18,21
DA:19,21
DA:22,21
DA:23,21
DA:24,21
DA:26,21
DA:27,2
DA:28,2
DA:29,2
DA:33,1
DA:35,1
DA:36,1
DA:40,21
DA:41,3
DA:42,3
DA:45,3
DA:46,3
DA:47,1
DA:48,1
DA:51,2
DA:52,2
DA:53,1
DA:55,1
DA:56,1
DA:60,21
DA:67,2
DA:74,2
DA:91,3
LF:29
LH:29
BRDA:31,0,0,2
BRDA:31,0,1,0
BRDA:33,1,0,1
BRDA:33,1,1,0
BRDA:35,2,0,1
BRDA:35,2,1,0
BRDA:46,3,0,1
BRDA:46,3,1,2
BRDA:55,4,0,1
BRDA:55,4,1,0
BRDA:81,5,0,21
BRDA:81,5,1,2
BRDA:99,6,0,21
BRDA:99,6,1,2
BRDA:101,7,0,21
BRDA:101,7,1,1
BRDA:107,8,0,0
BRDA:107,8,1,1
BRF:18
BRH:13
end_of_record
TN:
SF:src\pages\Vote.tsx
FN:5,Vote
FN:11,(anonymous_1)
FN:30,(anonymous_2)
FN:37,(anonymous_3)
FN:43,(anonymous_4)
FNF:5
FNH:5
FNDA:14,Vote
FNDA:3,(anonymous_1)
FNDA:3,(anonymous_2)
FNDA:3,(anonymous_3)
FNDA:1,(anonymous_4)
DA:6,14
DA:7,14
DA:8,14
DA:9,14
DA:11,14
DA:12,3
DA:13,3
DA:18,2
DA:20,1
DA:24,14
DA:30,3
DA:37,3
DA:43,1
LF:13
LH:13
BRDA:20,0,0,1
BRDA:20,0,1,0
BRDA:50,1,0,14
BRDA:50,1,1,3
BRF:4
BRH:3
end_of_record
TN:
SF:src\pages\VotingResult.tsx
FN:11,VotingResult
FN:17,(anonymous_1)
FN:46,(anonymous_2)
FNF:3
FNH:3
FNDA:16,VotingResult
FNDA:4,(anonymous_1)
FNDA:4,(anonymous_2)
DA:12,16
DA:13,16
DA:14,16
DA:15,16
DA:17,16
DA:18,4
DA:19,4
DA:21,4
DA:22,4
DA:23,1
DA:24,1
DA:27,3
DA:29,3
DA:30,3
DA:31,2
DA:33,1
DA:35,3
DA:39,16
DA:46,4
LF:19
LH:19
BRDA:22,0,0,1
BRDA:22,0,1,3
BRDA:33,1,0,1
BRDA:33,1,1,0
BRDA:53,2,0,3
BRDA:53,2,1,13
BRDA:56,3,0,16
BRDA:56,3,1,2
BRDA:58,4,0,16
BRDA:58,4,1,2
BRF:10
BRH:9
end_of_record
